-outxml
-source
1.6
-target
1.6
-classpath
C:\Users\jkoo\.m2\repository\antlr\antlr\2.7.6\antlr-2.7.6.jar;C:\Users\jkoo\.m2\repository\aopalliance\aopalliance\1.0\aopalliance-1.0.jar;C:\Users\jkoo\.m2\repository\asm\asm\1.5.3\asm-1.5.3.jar;C:\Users\jkoo\.m2\repository\asm\asm-attrs\1.5.3\asm-attrs-1.5.3.jar;C:\Users\jkoo\.m2\repository\avalon-framework\avalon-framework\4.1.3\avalon-framework-4.1.3.jar;C:\Users\jkoo\.m2\repository\backport-util-concurrent\backport-util-concurrent\3.0\backport-util-concurrent-3.0.jar;C:\Users\jkoo\.m2\repository\c3p0\c3p0\0.9.1\c3p0-0.9.1.jar;C:\Users\jkoo\.m2\repository\cglib\cglib\2.1_3\cglib-2.1_3.jar;C:\appDev\Project\workspace\Dev001\pizza73-core\target\pizza73-core-1.0-SNAPSHOT.jar;C:\Users\jkoo\.m2\repository\com\sun\org\apache\xml\internal\resolver\20050927\resolver-20050927.jar;C:\Users\jkoo\.m2\repository\com\sun\xml\bind\jaxb-impl\2.2.2\jaxb-impl-2.2.2.jar;C:\Users\jkoo\.m2\repository\com\sun\xml\messaging\saaj\saaj-impl\1.3\saaj-impl-1.3.jar;C:\Users\jkoo\.m2\repository\com\sun\xml\stream\sjsxp\1.0\sjsxp-1.0.jar;C:\Users\jkoo\.m2\repository\com\sun\xml\stream\buffer\streambuffer\0.7\streambuffer-0.7.jar;C:\Users\jkoo\.m2\repository\com\sun\xml\ws\jaxws-rt\2.1.3\jaxws-rt-2.1.3.jar;C:\Users\jkoo\.m2\repository\commons-beanutils\commons-beanutils\1.7.0\commons-beanutils-1.7.0.jar;C:\Users\jkoo\.m2\repository\commons-collections\commons-collections\3.2\commons-collections-3.2.jar;C:\Users\jkoo\.m2\repository\commons-lang\commons-lang\2.3\commons-lang-2.3.jar;C:\Users\jkoo\.m2\repository\commons-logging\commons-logging\1.1\commons-logging-1.1.jar;C:\Users\jkoo\.m2\repository\dom4j\dom4j\1.6.1\dom4j-1.6.1.jar;C:\Users\jkoo\.m2\repository\javax\activation\activation\1.1\activation-1.1.jar;C:\Users\jkoo\.m2\repository\javax\mail\mail\1.4\mail-1.4.jar;C:\Users\jkoo\.m2\repository\javax\persistence\persistence-api\1.0\persistence-api-1.0.jar;C:\Users\jkoo\.m2\repository\javax\servlet\servlet-api\2.5\servlet-api-2.5.jar;C:\Users\jkoo\.m2\repository\javax\transaction\jta\1.0.1B\jta-1.0.1B.jar;C:\Users\jkoo\.m2\repository\javax\xml\bind\jaxb-api\2.2.2\jaxb-api-2.2.2.jar;C:\Users\jkoo\.m2\repository\javax\xml\soap\saaj-api\1.3\saaj-api-1.3.jar;C:\Users\jkoo\.m2\repository\javax\xml\stream\stax-api\1.0\stax-api-1.0.jar;C:\Users\jkoo\.m2\repository\javax\xml\ws\jaxws-api\2.1\jaxws-api-2.1.jar;C:\Users\jkoo\.m2\repository\joda-time\joda-time\2.1\joda-time-2.1.jar;C:\Users\jkoo\.m2\repository\junit\junit\4.8.1\junit-4.8.1.jar;C:\Users\jkoo\.m2\repository\log4j\log4j\1.2.16\log4j-1.2.16.jar;C:\Users\jkoo\.m2\repository\logkit\logkit\1.0.1\logkit-1.0.1.jar;C:\Users\jkoo\.m2\repository\net\sf\ehcache\ehcache\1.3.0\ehcache-1.3.0.jar;C:\Users\jkoo\.m2\repository\net\sf\flexjson\flexjson\2.1\flexjson-2.1.jar;C:\Users\jkoo\.m2\repository\net\sf\jsr107cache\jsr107cache\1.0\jsr107cache-1.0.jar;C:\Users\jkoo\.m2\repository\org\apache\poi\poi\3.0.2-FINAL\poi-3.0.2-FINAL.jar;C:\Users\jkoo\.m2\repository\org\aspectj\aspectjrt\1.6.12\aspectjrt-1.6.12.jar;C:\Users\jkoo\.m2\repository\org\aspectj\aspectjweaver\1.7.2\aspectjweaver-1.7.2.jar;C:\Users\jkoo\.m2\repository\org\codehaus\jackson\jackson-core-lgpl\1.9.7\jackson-core-lgpl-1.9.7.jar;C:\Users\jkoo\.m2\repository\org\codehaus\jackson\jackson-mapper-lgpl\1.9.7\jackson-mapper-lgpl-1.9.7.jar;C:\Users\jkoo\.m2\repository\org\directwebremoting\dwr\2.0.8\dwr-2.0.8.jar;C:\Users\jkoo\.m2\repository\org\hibernate\hibernate\3.2.6.ga\hibernate-3.2.6.ga.jar;C:\Users\jkoo\.m2\repository\org\hibernate\hibernate-annotations\3.3.0.ga\hibernate-annotations-3.3.0.ga.jar;C:\Users\jkoo\.m2\repository\org\hibernate\hibernate-commons-annotations\3.3.0.ga\hibernate-commons-annotations-3.3.0.ga.jar;C:\Users\jkoo\.m2\repository\org\jdom\jdom\2.0.2\jdom-2.0.2.jar;C:\Users\jkoo\.m2\repository\org\jvnet\mimepull\1.1\mimepull-1.1.jar;C:\Users\jkoo\.m2\repository\org\jvnet\staxex\stax-ex\1.2\stax-ex-1.2.jar;C:\Users\jkoo\.m2\repository\org\springframework\spring-aop\3.2.7.RELEASE\spring-aop-3.2.7.RELEASE.jar;C:\Users\jkoo\.m2\repository\org\springframework\spring-aspects\3.2.7.RELEASE\spring-aspects-3.2.7.RELEASE.jar;C:\Users\jkoo\.m2\repository\org\springframework\spring-beans\3.2.7.RELEASE\spring-beans-3.2.7.RELEASE.jar;C:\Users\jkoo\.m2\repository\org\springframework\spring-context\3.2.7.RELEASE\spring-context-3.2.7.RELEASE.jar;C:\Users\jkoo\.m2\repository\org\springframework\spring-context-support\3.2.7.RELEASE\spring-context-support-3.2.7.RELEASE.jar;C:\Users\jkoo\.m2\repository\org\springframework\spring-core\3.2.7.RELEASE\spring-core-3.2.7.RELEASE.jar;C:\Users\jkoo\.m2\repository\org\springframework\spring-expression\3.2.7.RELEASE\spring-expression-3.2.7.RELEASE.jar;C:\Users\jkoo\.m2\repository\org\springframework\spring-jdbc\3.2.7.RELEASE\spring-jdbc-3.2.7.RELEASE.jar;C:\Users\jkoo\.m2\repository\org\springframework\spring-jdbc\3.2.7.RELEASE\spring-jdbc-3.2.7.RELEASE.jar;C:\Users\jkoo\.m2\repository\org\springframework\spring-orm\3.2.7.RELEASE\spring-orm-3.2.7.RELEASE.jar;C:\Users\jkoo\.m2\repository\org\springframework\spring-orm\3.2.7.RELEASE\spring-orm-3.2.7.RELEASE.jar;C:\Users\jkoo\.m2\repository\org\springframework\spring-oxm\3.1.2.RELEASE\spring-oxm-3.1.2.RELEASE.jar;C:\Users\jkoo\.m2\repository\org\springframework\spring-test\3.2.7.RELEASE\spring-test-3.2.7.RELEASE.jar;C:\Users\jkoo\.m2\repository\org\springframework\spring-tx\3.2.7.RELEASE\spring-tx-3.2.7.RELEASE.jar;C:\Users\jkoo\.m2\repository\org\springframework\spring-web\3.2.7.RELEASE\spring-web-3.2.7.RELEASE.jar;C:\Users\jkoo\.m2\repository\org\springframework\spring-web\3.2.7.RELEASE\spring-web-3.2.7.RELEASE.jar;C:\Users\jkoo\.m2\repository\org\springframework\spring-webmvc\3.2.7.RELEASE\spring-webmvc-3.2.7.RELEASE.jar;C:\Users\jkoo\.m2\repository\org\springframework\spring-webmvc\3.2.7.RELEASE\spring-webmvc-3.2.7.RELEASE.jar;C:\Users\jkoo\.m2\repository\org\springframework\security\spring-security-acl\3.2.0.RELEASE\spring-security-acl-3.2.0.RELEASE.jar;C:\Users\jkoo\.m2\repository\org\springframework\security\spring-security-config\3.2.0.RELEASE\spring-security-config-3.2.0.RELEASE.jar;C:\Users\jkoo\.m2\repository\org\springframework\security\spring-security-core\3.2.0.RELEASE\spring-security-core-3.2.0.RELEASE.jar;C:\Users\jkoo\.m2\repository\org\springframework\security\spring-security-taglibs\3.2.0.RELEASE\spring-security-taglibs-3.2.0.RELEASE.jar;C:\Users\jkoo\.m2\repository\org\springframework\security\spring-security-web\3.2.0.RELEASE\spring-security-web-3.2.0.RELEASE.jar;C:\Users\jkoo\.m2\repository\org\springframework\ws\spring-ws-core\2.1.1.RELEASE\spring-ws-core-2.1.1.RELEASE.jar;C:\Users\jkoo\.m2\repository\org\springframework\ws\spring-xml\2.1.1.RELEASE\spring-xml-2.1.1.RELEASE.jar;C:\Users\jkoo\.m2\repository\oro\oro\2.0.8\oro-2.0.8.jar;C:\Users\jkoo\.m2\repository\postgresql\postgresql\7.4.1-jdbc3\postgresql-7.4.1-jdbc3.jar;C:\Users\jkoo\.m2\repository\velocity\velocity\1.5\velocity-1.5.jar;C:\Users\jkoo\.m2\repository\wsdl4j\wsdl4j\1.6.1\wsdl4j-1.6.1.jar;C:\appDev\Project\workspace\Dev001\pizza73-util\target\classes
-aspectpath
C:\Users\jkoo\.m2\repository\org\springframework\spring-aspects\3.2.7.RELEASE\spring-aspects-3.2.7.RELEASE.jar
-d
C:\appDev\Project\workspace\Dev001\pizza73-util\target\classes
C:\appDev\Project\workspace\Dev001\pizza73-util\src\main\java\com\pizza73\util\UploadReport.java
C:\appDev\Project\workspace\Dev001\pizza73-util\src\main\java\com\pizza73\util\NextBusinessDay.java
C:\appDev\Project\workspace\Dev001\pizza73-util\src\main\java\com\pizza73\callCenter\report\ACDExcelReport.java
C:\appDev\Project\workspace\Dev001\pizza73-util\src\main\java\com\pizza73\util\BalanceSheet.java
C:\appDev\Project\workspace\Dev001\pizza73-util\src\main\java\com\pizza73\util\MenuCount.java
C:\appDev\Project\workspace\Dev001\pizza73-util\src\main\java\com\pizza73\util\ExcelOnlineCustomerConversion.java
C:\appDev\Project\workspace\Dev001\pizza73-util\src\main\java\com\pizza73\type\PackagingTypeEnum.java
C:\appDev\Project\workspace\Dev001\pizza73-util\src\main\java\com\pizza73\accounting\BalanceSheet.java
C:\appDev\Project\workspace\Dev001\pizza73-util\src\main\java\com\pizza73\util\CreateDateBeforeBusinessDateTest.java
C:\appDev\Project\workspace\Dev001\pizza73-util\src\main\java\com\pizza73\util\StreetAddressMappingTest.java
C:\appDev\Project\workspace\Dev001\pizza73-util\src\main\java\com\pizza73\callCenter\report\ACDReport.java
C:\appDev\Project\workspace\Dev001\pizza73-util\src\main\java\com\pizza73\util\HistoricalDailySalesReader.java
C:\appDev\Project\workspace\Dev001\pizza73-util\src\main\java\com\pizza73\util\PosReportTranslate.java
C:\appDev\Project\workspace\Dev001\pizza73-util\src\main\java\com\pizza73\util\UpdatePayrollPeriod.java
C:\appDev\Project\workspace\Dev001\pizza73-util\src\main\java\com\pizza73\util\PostalcodeReassign.java
C:\appDev\Project\workspace\Dev001\pizza73-util\src\main\java\com\pizza73\util\MapDataConversion.java
C:\appDev\Project\workspace\Dev001\pizza73-util\src\main\java\com\pizza73\util\TrialBalance.java
C:\appDev\Project\workspace\Dev001\pizza73-util\src\main\java\com\pizza73\util\PostalCodeMappingPercentage.java
C:\appDev\Project\workspace\Dev001\pizza73-util\src\main\java\com\pizza73\util\StoreOpenTest.java
C:\appDev\Project\workspace\Dev001\pizza73-util\src\main\java\com\pizza73\reporting\LateNightOrdering.java
C:\appDev\Project\workspace\Dev001\pizza73-util\src\main\java\com\pizza73\callCenter\report\WeeklyACDReport.java
C:\appDev\Project\workspace\Dev001\pizza73-util\src\main\java\com\pizza73\eddOnline\report\HourlyReport.java
C:\appDev\Project\workspace\Dev001\pizza73-util\src\main\java\com\pizza73\util\StatPayrollExport.java
C:\appDev\Project\workspace\Dev001\pizza73-util\src\main\java\com\pizza73\util\SQLLoader.java
C:\appDev\Project\workspace\Dev001\pizza73-util\src\main\java\com\pizza73\reporting\TheoreticalFoodCost.java
C:\appDev\Project\workspace\Dev001\pizza73-util\src\main\java\com\pizza73\util\OnlinOrderStats.java
C:\appDev\Project\workspace\Dev001\pizza73-util\src\main\java\com\pizza73\util\PostalcodeCheck.java
C:\appDev\Project\workspace\Dev001\pizza73-util\src\main\java\com\pizza73\callCenter\report\AutomaticCallCenterReport.java
C:\appDev\Project\workspace\Dev001\pizza73-util\src\main\java\com\pizza73\util\GLTest.java
C:\appDev\Project\workspace\Dev001\pizza73-util\src\main\java\com\pizza73\util\MailoutWebService.java
C:\appDev\Project\workspace\Dev001\pizza73-util\src\main\java\com\pizza73\util\StreetAddressMappingTestThree.java
C:\appDev\Project\workspace\Dev001\pizza73-util\src\main\java\com\pizza73\util\PostalcodeRemap.java
C:\appDev\Project\workspace\Dev001\pizza73-util\src\main\java\com\pizza73\util\TimeZoneTest.java
C:\appDev\Project\workspace\Dev001\pizza73-util\src\main\java\com\pizza73\type\ProductTypeEnum.java
C:\appDev\Project\workspace\Dev001\pizza73-util\src\main\java\com\pizza73\util\CashIsKingDraw.java
C:\appDev\Project\workspace\Dev001\pizza73-util\src\main\java\com\pizza73\util\ADPConversion.java
C:\appDev\Project\workspace\Dev001\pizza73-util\src\main\java\com\pizza73\util\DailySalesRecovery.java
C:\appDev\Project\workspace\Dev001\pizza73-util\src\main\java\com\pizza73\util\OnlineCustomerEmailExtraction.java
C:\appDev\Project\workspace\Dev001\pizza73-util\src\main\java\com\pizza73\util\CASLOnlineCustomerExtraction.java
C:\appDev\Project\workspace\Dev001\pizza73-util\src\main\java\com\pizza73\util\PayrollCleanUp.java
C:\appDev\Project\workspace\Dev001\pizza73-util\src\main\java\com\pizza73\util\DailyOrderReport.java
C:\appDev\Project\workspace\Dev001\pizza73-util\src\main\java\com\pizza73\reporting\ESPSalesReport.java
C:\appDev\Project\workspace\Dev001\pizza73-util\src\main\java\com\pizza73\util\OrderReplicationTest.java
C:\appDev\Project\workspace\Dev001\pizza73-util\src\main\java\com\pizza73\util\EmployeeConversion.java
C:\appDev\Project\workspace\Dev001\pizza73-util\src\main\java\com\pizza73\callCenter\report\WeeklyACDExcelReport.java
C:\appDev\Project\workspace\Dev001\pizza73-util\src\main\java\com\pizza73\util\ExcelFileConversion.java
C:\appDev\Project\workspace\Dev001\pizza73-util\src\main\java\com\pizza73\accounting\BalanceSheetParser.java
C:\appDev\Project\workspace\Dev001\pizza73-util\src\main\java\com\pizza73\util\StreetAddressMappingTestTwo.java
